{"/home/jaro/dev/biggest-rectangle/src/app.controller.ts": {"path":"/home/jaro/dev/biggest-rectangle/src/app.controller.ts","statementMap":{"0":{"start":{"line":1,"column":0},"end":{"line":1,"column":49}},"1":{"start":{"line":2,"column":0},"end":{"line":2,"column":43}},"2":{"start":{"line":5,"column":0},"end":{"line":12,"column":null}},"3":{"start":{"line":6,"column":31},"end":{"line":6,"column":43}},"4":{"start":{"line":10,"column":4},"end":{"line":10,"column":38}},"5":{"start":{"line":9,"column":2},"end":{"line":11,"column":null}},"6":{"start":{"line":5,"column":13},"end":{"line":12,"column":null}},"7":{"start":{"line":5,"column":13},"end":{"line":5,"column":26}}},"fnMap":{"0":{"name":"(anonymous_2)","decl":{"start":{"line":6,"column":2},"end":{"line":6,"column":31}},"loc":{"start":{"line":6,"column":53},"end":{"line":6,"column":57}}},"1":{"name":"(anonymous_3)","decl":{"start":{"line":9,"column":2},"end":{"line":9,"column":10}},"loc":{"start":{"line":9,"column":10},"end":{"line":11,"column":3}}}},"branchMap":{},"s":{"0":1,"1":1,"2":1,"3":1,"4":1,"5":1,"6":1,"7":1},"f":{"0":1,"1":1},"b":{}}
,"/home/jaro/dev/biggest-rectangle/src/app.module.ts": {"path":"/home/jaro/dev/biggest-rectangle/src/app.module.ts","statementMap":{"0":{"start":{"line":1,"column":0},"end":{"line":1,"column":40}},"1":{"start":{"line":2,"column":0},"end":{"line":2,"column":49}},"2":{"start":{"line":3,"column":0},"end":{"line":3,"column":43}},"3":{"start":{"line":10,"column":0},"end":{"line":10,"column":null}},"4":{"start":{"line":10,"column":13},"end":{"line":10,"column":null}},"5":{"start":{"line":10,"column":13},"end":{"line":10,"column":22}}},"fnMap":{},"branchMap":{},"s":{"0":0,"1":0,"2":0,"3":0,"4":0,"5":0},"f":{},"b":{}}
,"/home/jaro/dev/biggest-rectangle/src/app.service.ts": {"path":"/home/jaro/dev/biggest-rectangle/src/app.service.ts","statementMap":{"0":{"start":{"line":1,"column":0},"end":{"line":1,"column":44}},"1":{"start":{"line":4,"column":0},"end":{"line":8,"column":null}},"2":{"start":{"line":6,"column":4},"end":{"line":6,"column":26}},"3":{"start":{"line":4,"column":13},"end":{"line":8,"column":null}},"4":{"start":{"line":4,"column":13},"end":{"line":4,"column":23}}},"fnMap":{"0":{"name":"(anonymous_1)","decl":{"start":{"line":5,"column":2},"end":{"line":5,"column":10}},"loc":{"start":{"line":5,"column":10},"end":{"line":7,"column":3}}}},"branchMap":{},"s":{"0":1,"1":1,"2":1,"3":1,"4":1},"f":{"0":1},"b":{}}
,"/home/jaro/dev/biggest-rectangle/src/main.ts": {"path":"/home/jaro/dev/biggest-rectangle/src/main.ts","statementMap":{"0":{"start":{"line":1,"column":0},"end":{"line":1,"column":43}},"1":{"start":{"line":2,"column":0},"end":{"line":2,"column":41}},"2":{"start":{"line":5,"column":14},"end":{"line":5,"column":49}},"3":{"start":{"line":6,"column":2},"end":{"line":6,"column":25}},"4":{"start":{"line":8,"column":0},"end":{"line":8,"column":12}}},"fnMap":{"0":{"name":"bootstrap","decl":{"start":{"line":4,"column":15},"end":{"line":4,"column":24}},"loc":{"start":{"line":4,"column":24},"end":{"line":7,"column":1}}}},"branchMap":{},"s":{"0":0,"1":0,"2":0,"3":0,"4":0},"f":{"0":0},"b":{}}
,"/home/jaro/dev/biggest-rectangle/src/utils/index.ts": {"path":"/home/jaro/dev/biggest-rectangle/src/utils/index.ts","statementMap":{"0":{"start":{"line":11,"column":29},"end":{"line":11,"column":31}},"1":{"start":{"line":16,"column":19},"end":{"line":16,"column":20}},"2":{"start":{"line":17,"column":19},"end":{"line":17,"column":21}},"3":{"start":{"line":18,"column":20},"end":{"line":18,"column":22}},"4":{"start":{"line":20,"column":15},"end":{"line":20,"column":16}},"5":{"start":{"line":24,"column":12},"end":{"line":24,"column":13}},"6":{"start":{"line":25,"column":4},"end":{"line":55,"column":null}},"7":{"start":{"line":28,"column":8},"end":{"line":54,"column":null}},"8":{"start":{"line":29,"column":12},"end":{"line":29,"column":29}},"9":{"start":{"line":39,"column":12},"end":{"line":39,"column":45}},"10":{"start":{"line":40,"column":12},"end":{"line":40,"column":32}},"11":{"start":{"line":41,"column":12},"end":{"line":41,"column":25}},"12":{"start":{"line":42,"column":12},"end":{"line":42,"column":31}},"13":{"start":{"line":44,"column":12},"end":{"line":47,"column":null}},"14":{"start":{"line":45,"column":16},"end":{"line":45,"column":53}},"15":{"start":{"line":46,"column":16},"end":{"line":46,"column":44}},"16":{"start":{"line":49,"column":12},"end":{"line":53,"column":null}},"17":{"start":{"line":50,"column":16},"end":{"line":50,"column":32}},"18":{"start":{"line":51,"column":16},"end":{"line":51,"column":32}},"19":{"start":{"line":52,"column":16},"end":{"line":52,"column":34}},"20":{"start":{"line":60,"column":4},"end":{"line":75,"column":null}},"21":{"start":{"line":61,"column":8},"end":{"line":61,"column":41}},"22":{"start":{"line":62,"column":8},"end":{"line":62,"column":28}},"23":{"start":{"line":63,"column":8},"end":{"line":63,"column":21}},"24":{"start":{"line":64,"column":8},"end":{"line":64,"column":27}},"25":{"start":{"line":65,"column":8},"end":{"line":68,"column":null}},"26":{"start":{"line":66,"column":12},"end":{"line":66,"column":49}},"27":{"start":{"line":67,"column":12},"end":{"line":67,"column":40}},"28":{"start":{"line":70,"column":8},"end":{"line":74,"column":null}},"29":{"start":{"line":71,"column":12},"end":{"line":71,"column":28}},"30":{"start":{"line":72,"column":12},"end":{"line":72,"column":28}},"31":{"start":{"line":73,"column":12},"end":{"line":73,"column":30}},"32":{"start":{"line":76,"column":4},"end":{"line":76,"column":43}},"33":{"start":{"line":82,"column":14},"end":{"line":82,"column":15}},"34":{"start":{"line":83,"column":17},"end":{"line":83,"column":18}},"35":{"start":{"line":87,"column":32},"end":{"line":87,"column":48}},"36":{"start":{"line":92,"column":4},"end":{"line":111,"column":null}},"37":{"start":{"line":92,"column":17},"end":{"line":92,"column":18}},"38":{"start":{"line":93,"column":8},"end":{"line":99,"column":null}},"39":{"start":{"line":93,"column":21},"end":{"line":93,"column":22}},"40":{"start":{"line":96,"column":12},"end":{"line":98,"column":null}},"41":{"start":{"line":97,"column":16},"end":{"line":97,"column":39}},"42":{"start":{"line":101,"column":48},"end":{"line":101,"column":64}},"43":{"start":{"line":104,"column":8},"end":{"line":110,"column":null}},"44":{"start":{"line":105,"column":12},"end":{"line":105,"column":28}},"45":{"start":{"line":106,"column":12},"end":{"line":106,"column":30}},"46":{"start":{"line":107,"column":12},"end":{"line":107,"column":23}},"47":{"start":{"line":108,"column":12},"end":{"line":108,"column":32}},"48":{"start":{"line":109,"column":12},"end":{"line":109,"column":61}},"49":{"start":{"line":113,"column":4},"end":{"line":113,"column":46}},"50":{"start":{"line":118,"column":12},"end":{"line":118,"column":13}},"51":{"start":{"line":119,"column":12},"end":{"line":119,"column":13}},"52":{"start":{"line":121,"column":12},"end":{"line":130,"column":null}},"53":{"start":{"line":132,"column":45},"end":{"line":132,"column":66}},"54":{"start":{"line":133,"column":4},"end":{"line":133,"column":null}},"55":{"start":{"line":136,"column":0},"end":{"line":136,"column":null}}},"fnMap":{"0":{"name":"maxHist","decl":{"start":{"line":6,"column":9},"end":{"line":6,"column":16}},"loc":{"start":{"line":6,"column":41},"end":{"line":77,"column":1}}},"1":{"name":"maxRectangle","decl":{"start":{"line":81,"column":9},"end":{"line":81,"column":21}},"loc":{"start":{"line":81,"column":57},"end":{"line":114,"column":1}}},"2":{"name":"main","decl":{"start":{"line":117,"column":9},"end":{"line":117,"column":13}},"loc":{"start":{"line":117,"column":13},"end":{"line":134,"column":1}}}},"branchMap":{"0":{"loc":{"start":{"line":28,"column":8},"end":{"line":54,"column":null}},"type":"if","locations":[{"start":{"line":28,"column":8},"end":{"line":54,"column":null}},{"start":{"line":31,"column":13},"end":{"line":54,"column":null}}]},"1":{"loc":{"start":{"line":28,"column":12},"end":{"line":28,"column":74}},"type":"binary-expr","locations":[{"start":{"line":28,"column":12},"end":{"line":28,"column":30}},{"start":{"line":28,"column":34},"end":{"line":28,"column":74}}]},"2":{"loc":{"start":{"line":44,"column":12},"end":{"line":47,"column":null}},"type":"if","locations":[{"start":{"line":44,"column":12},"end":{"line":47,"column":null}}]},"3":{"loc":{"start":{"line":49,"column":12},"end":{"line":53,"column":null}},"type":"if","locations":[{"start":{"line":49,"column":12},"end":{"line":53,"column":null}}]},"4":{"loc":{"start":{"line":65,"column":8},"end":{"line":68,"column":null}},"type":"if","locations":[{"start":{"line":65,"column":8},"end":{"line":68,"column":null}}]},"5":{"loc":{"start":{"line":70,"column":8},"end":{"line":74,"column":null}},"type":"if","locations":[{"start":{"line":70,"column":8},"end":{"line":74,"column":null}}]},"6":{"loc":{"start":{"line":96,"column":12},"end":{"line":98,"column":null}},"type":"if","locations":[{"start":{"line":96,"column":12},"end":{"line":98,"column":null}}]},"7":{"loc":{"start":{"line":104,"column":8},"end":{"line":110,"column":null}},"type":"if","locations":[{"start":{"line":104,"column":8},"end":{"line":110,"column":null}}]}},"s":{"0":0,"1":0,"2":0,"3":0,"4":0,"5":0,"6":0,"7":0,"8":0,"9":0,"10":0,"11":0,"12":0,"13":0,"14":0,"15":0,"16":0,"17":0,"18":0,"19":0,"20":0,"21":0,"22":0,"23":0,"24":0,"25":0,"26":0,"27":0,"28":0,"29":0,"30":0,"31":0,"32":0,"33":0,"34":0,"35":0,"36":0,"37":0,"38":0,"39":0,"40":0,"41":0,"42":0,"43":0,"44":0,"45":0,"46":0,"47":0,"48":0,"49":0,"50":0,"51":0,"52":0,"53":0,"54":0,"55":0},"f":{"0":0,"1":0,"2":0},"b":{"0":[0,0],"1":[0,0],"2":[0],"3":[0],"4":[0],"5":[0],"6":[0],"7":[0]}}
}
